warn: Console logger
error: Error logger
info: Info logger
debug: Debug logger
warn: Console logger
error: Error logger
info: Info logger
debug: Debug logger
warn: Console logger
error: Error logger
info: Info logger
debug: Debug logger
warn: Console logger
error: Error logger
info: Info logger
debug: Debug logger
warn: Console logger
error: Error logger
info: Info logger
debug: Debug logger
warn: Console logger
error: Error logger
info: Info logger
debug: Debug logger
warn: Console logger
error: Error logger
info: Info logger
debug: Debug logger
warn: Console logger
error: Error logger
info: Info logger
debug: Debug logger
warn: Console logger
error: Error logger
info: Info logger
debug: Debug logger
warn: Console logger
error: Error logger
info: Info logger
debug: Debug logger
warn: Console logger
error: Error logger
info: Info logger
debug: Debug logger
warn: Console logger
error: Error logger
info: Info logger
debug: Debug logger
error: Request failed
info: Login OTP issued {"email":"mottimottiyev@gmail.com"}
debug: OTP verification attempt
error: Request failed
error: Request failed
error: Request failed
error: Request failed
error: Request failed
error: Request failed
error: Request failed
warn: Console logger
error: Error logger
info: Info logger
debug: Debug logger
warn: Console logger
error: Error logger
info: Info logger
debug: Debug logger
warn: Console logger
error: Error logger
info: Info logger
debug: Debug logger
warn: Console logger
error: Error logger
info: Info logger
debug: Debug logger
warn: Console logger
error: Error logger
info: Info logger
debug: Debug logger
error: Request failed
info: Login OTP issued {"email":"mottimottiyev@gmail.com"}
debug: OTP verification attempt
error: Request failed
warn: Console logger
error: Error logger
info: Info logger
debug: Debug logger
warn: Console logger
error: Error logger
info: Info logger
debug: Debug logger
warn: Console logger
error: Error logger
info: Info logger
debug: Debug logger
error: Request failed
warn: Console logger
error: Error logger
info: Info logger
debug: Debug logger
warn: Console logger
error: Error logger
info: Info logger
debug: Debug logger
